<?xml version="1.0" encoding="UTF-8"?>
<!-- Generated by org.testng.reporters.JUnitXMLReporter -->
<testsuite ignored="0" hostname="DESKTOP-0SGD7C0" failures="1" tests="1" name="ExtendReport" time="9.62" errors="0" timestamp="2025-10-28T06:32:05 GMT">
  <testcase classname="supermarketproject.HomePageTest" name="verifyLogout" time="2.884">
    <failure type="java.lang.AssertionError" message="Logout Failed!! expected [Login | 7rmart supermarket1] but found [Login | 7rmart supermarket]">
      <![CDATA[java.lang.AssertionError: Logout Failed!! expected [Login | 7rmart supermarket1] but found [Login | 7rmart supermarket]
at supermarketproject.HomePageTest.verifyLogout(HomePageTest.java:25)
at java.base/java.util.ArrayList.forEach(ArrayList.java:1596)
... Removed 30 stack frames]]>
    </failure>
  </testcase> <!-- verifyLogout -->
</testsuite> <!-- ExtendReport -->
