<?xml version="1.0" encoding="UTF-8"?>
<!-- Generated by org.testng.reporters.JUnitXMLReporter -->
<testsuite ignored="3" hostname="DESKTOP-0SGD7C0" failures="0" tests="1" name="Default test" time="13.107" errors="0" timestamp="2025-10-24T10:58:56 BST">
  <testcase classname="supermarketproject.LoginPageTest" name="verifyInValidCredentials" time="4.669"/>
  <testcase classname="supermarketproject.LoginPageTest" name="verifycredentialsWithCorrectPassword" time="0.0">
    <ignored/>
  </testcase> <!-- verifycredentialsWithCorrectPassword -->
  <testcase classname="supermarketproject.LoginPageTest" name="verifyValidCredentials" time="0.0">
    <ignored/>
  </testcase> <!-- verifyValidCredentials -->
  <testcase classname="supermarketproject.LoginPageTest" name="verifycredentialsWithCorrectUsername" time="0.0">
    <ignored/>
  </testcase> <!-- verifycredentialsWithCorrectUsername -->
</testsuite> <!-- Default test -->
